INFO 9/5/2025, 7:55:41 AM  launch with argv [/usr/share/typora/Typora, --enable-wayland-ime, /home/johan/Downloads/tmux_keybinds_reference.md]
INFO 9/5/2025, 7:55:41 AM  ------------------start------------------
DEBUG 9/5/2025, 7:55:41 AM  prepDatabase /home/johan/.config/Typora/profile.data
DEBUG 9/5/2025, 7:55:41 AM  prepDatabase /home/johan/.config/Typora/history.data
INFO 9/5/2025, 7:55:41 AM  OS is linux 6.16.4-arch1-1
INFO 9/5/2025, 7:55:41 AM  launchFromDiffVersion, pre version is undefined
INFO 9/5/2025, 7:55:41 AM  start LM in devVersion=false
INFO 9/5/2025, 7:55:41 AM  [watch L]
DEBUG 9/5/2025, 7:55:41 AM  prepDatabase /home/johan/.config/Typora/8dtHpJUoJl
INFO 9/5/2025, 7:55:41 AM  ls put SLicense
DEBUG 9/5/2025, 7:55:41 AM  onUnfillLicense
DEBUG 9/5/2025, 7:55:41 AM  trailRemains is 15
INFO 9/5/2025, 7:55:41 AM  [L] installDate is 9/5/2025, trail remains: 15 days
INFO 9/5/2025, 7:55:41 AM  [watch L] hasL: false
INFO 9/5/2025, 7:55:41 AM  overwriteThemeFolder
INFO 9/5/2025, 7:55:41 AM  typora version: 1.10.8
DEBUG 9/5/2025, 7:55:41 AM  app.openFile
INFO 9/5/2025, 7:55:41 AM  addRecentDocument
INFO 9/5/2025, 7:55:41 AM  updateTheme
DEBUG 9/5/2025, 7:55:41 AM  added recovery 1 /home/johan/Downloads/tmux_keybinds_reference.md  (0)
INFO 9/5/2025, 7:55:41 AM  [focus] 1
DEBUG 9/5/2025, 7:55:41 AM  putAccelerator File -> &File
DEBUG 9/5/2025, 7:55:41 AM  putAccelerator Edit -> &Edit
DEBUG 9/5/2025, 7:55:41 AM  putAccelerator Paragraph -> &Paragraph
DEBUG 9/5/2025, 7:55:41 AM  putAccelerator Format -> F&ormat
DEBUG 9/5/2025, 7:55:41 AM  putAccelerator View -> &View
DEBUG 9/5/2025, 7:55:41 AM  putAccelerator Themes -> &Themes
DEBUG 9/5/2025, 7:55:41 AM  putAccelerator Help -> &Help
INFO 9/5/2025, 7:55:41 AM  synced recovery
user-dict.json not found
INFO 9/5/2025, 7:55:41 AM  [blur] 1
INFO 9/5/2025, 7:55:41 AM  [win] blur
DEBUG 9/5/2025, 7:55:42 AM  onUnfillLicense
ERROR 9/5/2025, 7:55:42 AM  Error: net::ERR_FILE_NOT_FOUND
    at SimpleURLLoaderWrapper.<anonymous> (node:electron/js2c/browser_init:2:117533)
    at SimpleURLLoaderWrapper.emit (node:events:518:28)
ERROR 9/5/2025, 7:55:42 AM  Error: net::ERR_FILE_NOT_FOUND
    at SimpleURLLoaderWrapper.<anonymous> (node:electron/js2c/browser_init:2:117533)
    at SimpleURLLoaderWrapper.emit (node:events:518:28)
INFO 9/5/2025, 7:55:42 AM  handle document.loadData
DEBUG 9/5/2025, 7:55:42 AM  document.loadData 0
INFO 9/5/2025, 7:55:42 AM  [RenderProcess 1][Log] [UndoManager] reset commandStack
INFO 9/5/2025, 7:55:42 AM  [RenderProcess 1][Log] reset NodeMap
INFO 9/5/2025, 7:55:42 AM  [RenderProcess 1][Log] readContentFrom /home/johan/Downloads/tmux_keybinds_reference.md
INFO 9/5/2025, 7:55:42 AM  [focus] 1
DEBUG 9/5/2025, 7:55:42 AM  added recovery 1 /home/johan/Downloads/tmux_keybinds_reference.md  (0)
INFO 9/5/2025, 7:55:42 AM  synced recovery
INFO 9/5/2025, 7:55:42 AM  [RenderProcess 1][Log] onBecomeActive
INFO 9/5/2025, 7:55:42 AM  [RenderProcess 1][Log] File.activeWindow = true
ERROR 9/5/2025, 7:55:46 AM  Error: net::ERR_FILE_NOT_FOUND
    at SimpleURLLoaderWrapper.<anonymous> (node:electron/js2c/browser_init:2:117533)
    at SimpleURLLoaderWrapper.emit (node:events:518:28)
ERROR 9/5/2025, 7:55:46 AM  Error: net::ERR_FILE_NOT_FOUND
    at SimpleURLLoaderWrapper.<anonymous> (node:electron/js2c/browser_init:2:117533)
    at SimpleURLLoaderWrapper.emit (node:events:518:28)
ERROR 9/5/2025, 7:55:48 AM  Error: net::ERR_FILE_NOT_FOUND
    at SimpleURLLoaderWrapper.<anonymous> (node:electron/js2c/browser_init:2:117533)
    at SimpleURLLoaderWrapper.emit (node:events:518:28)
ERROR 9/5/2025, 7:55:48 AM  Error: net::ERR_FILE_NOT_FOUND
    at SimpleURLLoaderWrapper.<anonymous> (node:electron/js2c/browser_init:2:117533)
    at SimpleURLLoaderWrapper.emit (node:events:518:28)
DEBUG 9/5/2025, 7:55:54 AM  license.show (detail ? undefined)
INFO 9/5/2025, 7:55:54 AM  [blur] 1
INFO 9/5/2025, 7:55:54 AM  [win] blur
INFO 9/5/2025, 7:55:54 AM  [focus] 2
INFO 9/5/2025, 7:55:55 AM  [blur] 2
INFO 9/5/2025, 7:55:55 AM  [focus] 1
INFO 9/5/2025, 7:55:55 AM  [blur] 1
INFO 9/5/2025, 7:55:55 AM  [win] blur
INFO 9/5/2025, 7:55:55 AM  [focus] 2
INFO 9/5/2025, 7:55:57 AM  [focus] 1
INFO 9/5/2025, 7:55:57 AM  [blur] 1
INFO 9/5/2025, 7:55:57 AM  [win] blur
INFO 9/5/2025, 7:55:57 AM  [focus] 1
INFO 9/5/2025, 7:56:08 AM  [blur] 1
INFO 9/5/2025, 7:56:08 AM  [win] blur
INFO 9/5/2025, 7:56:09 AM  [focus] 1
INFO 9/5/2025, 7:56:10 AM  [blur] 1
INFO 9/5/2025, 7:56:10 AM  [win] blur
INFO 9/5/2025, 7:56:10 AM  [focus] 1
INFO 9/5/2025, 7:56:20 AM  [blur] 1
INFO 9/5/2025, 7:56:20 AM  [win] blur
INFO 9/5/2025, 7:56:20 AM  [focus] 1
INFO 9/5/2025, 7:56:30 AM  window.File && (function() {
					ClientCommand.zoomOut();
				})();
INFO 9/5/2025, 7:56:32 AM  window.File && (function() {
					ClientCommand.zoomOut();
				})();
INFO 9/5/2025, 7:56:33 AM  window.File && (function() {
					ClientCommand.zoomOut();
				})();
INFO 9/5/2025, 7:56:38 AM  [blur] 1
INFO 9/5/2025, 7:56:38 AM  [win] blur
DEBUG 9/5/2025, 7:57:31 AM  added recovery 1  "# Tmux Tangentb...tbindningar
```" (5415)
INFO 9/5/2025, 7:57:31 AM  synced recovery
INFO 9/5/2025, 7:57:32 AM  [focus] 1
INFO 9/5/2025, 7:57:50 AM  [blur] 1
INFO 9/5/2025, 7:57:50 AM  [win] blur
INFO 9/5/2025, 8:23:19 AM  [focus] 1
INFO 9/5/2025, 8:23:31 AM  [blur] 1
INFO 9/5/2025, 8:23:31 AM  [win] blur
INFO 9/5/2025, 8:23:34 AM  [focus] 1
INFO 9/5/2025, 8:23:34 AM  [RenderProcess 1][Warn] 
INFO 9/5/2025, 8:23:37 AM  [blur] 1
INFO 9/5/2025, 8:23:37 AM  [win] blur
INFO 9/5/2025, 8:23:37 AM  [focus] 1
INFO 9/5/2025, 8:23:40 AM  [blur] 1
INFO 9/5/2025, 8:23:40 AM  [win] blur
INFO 9/5/2025, 8:24:35 AM  [focus] 1
INFO 9/5/2025, 8:24:35 AM  [blur] 1
INFO 9/5/2025, 8:24:35 AM  [win] blur
INFO 9/5/2025, 8:24:35 AM  [focus] 1
INFO 9/5/2025, 8:24:36 AM  [blur] 1
INFO 9/5/2025, 8:24:36 AM  [win] blur
INFO 9/5/2025, 8:24:36 AM  [focus] 1
INFO 9/5/2025, 8:24:36 AM  [blur] 1
INFO 9/5/2025, 8:24:36 AM  [win] blur
INFO 9/5/2025, 8:24:39 AM  [focus] 1
INFO 9/5/2025, 8:24:40 AM  [blur] 1
INFO 9/5/2025, 8:24:40 AM  [win] blur
INFO 9/5/2025, 8:25:12 AM  [focus] 1
INFO 9/5/2025, 8:25:12 AM  [blur] 1
INFO 9/5/2025, 8:25:12 AM  [win] blur
INFO 9/5/2025, 8:25:24 AM  [focus] 1
INFO 9/5/2025, 8:25:25 AM  [blur] 1
INFO 9/5/2025, 8:25:25 AM  [win] blur
INFO 9/5/2025, 8:25:25 AM  [focus] 1
INFO 9/5/2025, 8:25:26 AM  [blur] 1
INFO 9/5/2025, 8:25:26 AM  [win] blur
INFO 9/5/2025, 8:25:26 AM  [focus] 1
INFO 9/5/2025, 8:25:26 AM  [blur] 1
INFO 9/5/2025, 8:25:26 AM  [win] blur
INFO 9/5/2025, 8:25:26 AM  [focus] 1
INFO 9/5/2025, 8:25:27 AM  [blur] 1
INFO 9/5/2025, 8:25:27 AM  [win] blur
INFO 9/5/2025, 8:25:28 AM  [focus] 1
INFO 9/5/2025, 8:25:28 AM  [blur] 1
INFO 9/5/2025, 8:25:28 AM  [win] blur
INFO 9/5/2025, 8:26:25 AM  [focus] 1
INFO 9/5/2025, 8:26:26 AM  [blur] 1
INFO 9/5/2025, 8:26:26 AM  [win] blur
INFO 9/5/2025, 8:26:29 AM  [focus] 1
INFO 9/5/2025, 8:26:30 AM  [blur] 1
INFO 9/5/2025, 8:26:30 AM  [win] blur
INFO 9/5/2025, 8:26:32 AM  [focus] 1
INFO 9/5/2025, 8:26:32 AM  [blur] 1
INFO 9/5/2025, 8:26:32 AM  [win] blur
INFO 9/5/2025, 8:26:42 AM  [focus] 1
INFO 9/5/2025, 8:26:42 AM  [blur] 1
INFO 9/5/2025, 8:26:42 AM  [win] blur
INFO 9/5/2025, 8:26:42 AM  [focus] 1
INFO 9/5/2025, 8:26:43 AM  [blur] 1
INFO 9/5/2025, 8:26:43 AM  [win] blur
INFO 9/5/2025, 8:26:45 AM  [focus] 1
INFO 9/5/2025, 8:26:46 AM  [blur] 1
INFO 9/5/2025, 8:26:46 AM  [win] blur
INFO 9/5/2025, 8:26:54 AM  [focus] 1
INFO 9/5/2025, 8:26:54 AM  [blur] 1
INFO 9/5/2025, 8:26:54 AM  [win] blur
INFO 9/5/2025, 8:26:57 AM  [focus] 1
INFO 9/5/2025, 8:26:57 AM  [blur] 1
INFO 9/5/2025, 8:26:57 AM  [win] blur
INFO 9/5/2025, 8:27:01 AM  [focus] 1
INFO 9/5/2025, 8:27:01 AM  [blur] 1
INFO 9/5/2025, 8:27:01 AM  [win] blur
INFO 9/5/2025, 8:27:03 AM  [focus] 1
INFO 9/5/2025, 8:27:04 AM  [blur] 1
INFO 9/5/2025, 8:27:04 AM  [win] blur
INFO 9/5/2025, 8:28:19 AM  [focus] 1
INFO 9/5/2025, 8:28:20 AM  [blur] 1
INFO 9/5/2025, 8:28:20 AM  [win] blur
INFO 9/5/2025, 8:28:20 AM  [focus] 1
INFO 9/5/2025, 8:28:24 AM  [blur] 1
INFO 9/5/2025, 8:28:24 AM  [win] blur
INFO 9/5/2025, 8:58:42 AM  [focus] 1
INFO 9/5/2025, 8:58:45 AM  [blur] 1
INFO 9/5/2025, 8:58:45 AM  [win] blur
INFO 9/5/2025, 12:11:38 PM  [focus] 1
INFO 9/5/2025, 12:17:49 PM  [blur] 1
INFO 9/5/2025, 12:17:49 PM  [win] blur
INFO 9/5/2025, 3:09:37 PM  [focus] 1
INFO 9/5/2025, 3:11:52 PM  [blur] 1
INFO 9/5/2025, 3:11:52 PM  [win] blur
INFO 9/5/2025, 3:11:52 PM  [focus] 1
INFO 9/5/2025, 3:11:55 PM  [blur] 1
INFO 9/5/2025, 3:11:55 PM  [win] blur
INFO 9/5/2025, 3:12:08 PM  [focus] 1
INFO 9/5/2025, 3:12:13 PM  [blur] 1
INFO 9/5/2025, 3:12:13 PM  [win] blur
INFO 9/5/2025, 3:12:13 PM  [focus] 1
INFO 9/5/2025, 3:12:13 PM  [blur] 1
INFO 9/5/2025, 3:12:13 PM  [win] blur
INFO 9/5/2025, 3:13:58 PM  [focus] 1
INFO 9/5/2025, 3:13:58 PM  [blur] 1
INFO 9/5/2025, 3:13:58 PM  [win] blur
INFO 9/5/2025, 3:15:26 PM  [focus] 1
INFO 9/5/2025, 3:15:26 PM  [blur] 1
INFO 9/5/2025, 3:15:26 PM  [win] blur
INFO 9/5/2025, 3:19:33 PM  [focus] 1
INFO 9/5/2025, 3:19:33 PM  [blur] 1
INFO 9/5/2025, 3:19:33 PM  [win] blur
INFO 9/5/2025, 3:23:38 PM  [focus] 1
INFO 9/5/2025, 3:23:39 PM  [blur] 1
INFO 9/5/2025, 3:23:39 PM  [win] blur
INFO 9/5/2025, 3:24:21 PM  [focus] 1
INFO 9/5/2025, 3:24:22 PM  [blur] 1
INFO 9/5/2025, 3:24:22 PM  [win] blur
INFO 9/5/2025, 3:25:59 PM  [focus] 1
INFO 9/5/2025, 3:26:00 PM  [blur] 1
INFO 9/5/2025, 3:26:00 PM  [win] blur
INFO 9/5/2025, 3:26:28 PM  [focus] 1
INFO 9/5/2025, 3:26:28 PM  [blur] 1
INFO 9/5/2025, 3:26:28 PM  [win] blur
INFO 9/5/2025, 3:27:06 PM  [focus] 1
INFO 9/5/2025, 3:27:06 PM  [blur] 1
INFO 9/5/2025, 3:27:06 PM  [win] blur
INFO 9/5/2025, 3:28:13 PM  [focus] 1
INFO 9/5/2025, 3:28:13 PM  [blur] 1
INFO 9/5/2025, 3:28:13 PM  [win] blur
INFO 9/5/2025, 3:29:11 PM  [focus] 1
INFO 9/5/2025, 3:29:11 PM  [blur] 1
INFO 9/5/2025, 3:29:11 PM  [win] blur
INFO 9/5/2025, 3:31:53 PM  [focus] 1
INFO 9/5/2025, 3:31:53 PM  [blur] 1
INFO 9/5/2025, 3:31:53 PM  [win] blur
INFO 9/5/2025, 3:32:30 PM  [focus] 1
INFO 9/5/2025, 3:32:31 PM  [blur] 1
INFO 9/5/2025, 3:32:31 PM  [win] blur
INFO 9/5/2025, 3:32:33 PM  [focus] 1
INFO 9/5/2025, 3:32:33 PM  [blur] 1
INFO 9/5/2025, 3:32:33 PM  [win] blur
INFO 9/5/2025, 3:37:39 PM  [focus] 1
INFO 9/5/2025, 3:37:39 PM  [blur] 1
INFO 9/5/2025, 3:37:39 PM  [win] blur
INFO 9/5/2025, 3:44:56 PM  [focus] 1
INFO 9/5/2025, 3:44:56 PM  [blur] 1
INFO 9/5/2025, 3:44:56 PM  [win] blur
INFO 9/5/2025, 3:47:27 PM  [focus] 1
INFO 9/5/2025, 3:47:27 PM  [blur] 1
INFO 9/5/2025, 3:47:27 PM  [win] blur
INFO 9/5/2025, 3:48:04 PM  [focus] 1
INFO 9/5/2025, 3:48:04 PM  [blur] 1
INFO 9/5/2025, 3:48:04 PM  [win] blur
INFO 9/5/2025, 3:48:44 PM  [focus] 1
INFO 9/5/2025, 3:48:44 PM  [blur] 1
INFO 9/5/2025, 3:48:44 PM  [win] blur
INFO 9/5/2025, 3:50:04 PM  [focus] 1
INFO 9/5/2025, 3:50:04 PM  [blur] 1
INFO 9/5/2025, 3:50:04 PM  [win] blur
INFO 9/5/2025, 3:52:04 PM  [focus] 1
INFO 9/5/2025, 3:52:04 PM  [blur] 1
INFO 9/5/2025, 3:52:04 PM  [win] blur
INFO 9/5/2025, 3:53:26 PM  [focus] 1
INFO 9/5/2025, 3:53:27 PM  [blur] 1
INFO 9/5/2025, 3:53:27 PM  [win] blur
INFO 9/5/2025, 3:54:01 PM  [focus] 1
INFO 9/5/2025, 3:54:01 PM  [blur] 1
INFO 9/5/2025, 3:54:01 PM  [win] blur
INFO 9/5/2025, 3:55:12 PM  [focus] 1
INFO 9/5/2025, 3:55:12 PM  [blur] 1
INFO 9/5/2025, 3:55:12 PM  [win] blur
INFO 9/5/2025, 3:55:53 PM  [focus] 1
INFO 9/5/2025, 3:55:53 PM  [blur] 1
INFO 9/5/2025, 3:55:53 PM  [win] blur
INFO 9/5/2025, 3:56:52 PM  [focus] 1
INFO 9/5/2025, 3:56:52 PM  [blur] 1
INFO 9/5/2025, 3:56:52 PM  [win] blur
INFO 9/5/2025, 6:06:08 PM  [focus] 1
INFO 9/5/2025, 6:06:08 PM  [blur] 1
INFO 9/5/2025, 6:06:08 PM  [win] blur
INFO 9/5/2025, 6:06:09 PM  [focus] 1
INFO 9/5/2025, 6:06:11 PM  [blur] 1
INFO 9/5/2025, 6:06:11 PM  [win] blur
INFO 9/5/2025, 6:06:11 PM  [focus] 1
INFO 9/5/2025, 6:06:12 PM  [blur] 1
INFO 9/5/2025, 6:06:12 PM  [win] blur
INFO 9/5/2025, 6:06:13 PM  [focus] 1
INFO 9/5/2025, 6:06:15 PM  [blur] 1
INFO 9/5/2025, 6:06:15 PM  [win] blur
INFO 9/5/2025, 6:06:16 PM  [focus] 1
INFO 9/5/2025, 6:06:16 PM  [blur] 1
INFO 9/5/2025, 6:06:16 PM  [win] blur
INFO 9/5/2025, 6:06:18 PM  [focus] 1
INFO 9/5/2025, 6:06:18 PM  synced recovery
INFO 9/5/2025, 6:06:18 PM  ----------------before-quit-----------------
INFO 9/5/2025, 6:06:18 PM  ------------------will-quit------------------
INFO 9/5/2025, 6:06:18 PM  -----------------quit------------------
INFO 9/5/2025, 6:06:18 PM  closeLogging
